{
  "RSpec": {
    "coverage": {
      "/Users/adrienne/Turing/1module/headcount/lib/district_repository.rb": [
        1,
        null,
        1,
        1,
        null,
        1,
        38,
        38,
        null,
        null,
        1,
        38,
        null,
        null,
        1,
        249,
        2032,
        null,
        null,
        null,
        1,
        1,
        14,
        null,
        null,
        null
      ],
      "/Users/adrienne/Turing/1module/headcount/lib/district_data_formatter.rb": [
        1,
        1,
        1,
        1,
        1,
        null,
        1,
        null,
        1,
        38,
        null,
        null,
        1,
        38,
        38,
        5852,
        532,
        null,
        null,
        38,
        10,
        null,
        38,
        38,
        null,
        38,
        38,
        null,
        null,
        null,
        1,
        38,
        38,
        1,
        null,
        null,
        37,
        null,
        null,
        null,
        1,
        38,
        532,
        532,
        null,
        null,
        null,
        1,
        10,
        10,
        10,
        140,
        140,
        null,
        null,
        null,
        1,
        672,
        5840,
        null,
        null,
        null,
        1,
        38,
        38,
        38,
        532,
        3990,
        null,
        532,
        null,
        null,
        null
      ],
      "/Users/adrienne/Turing/1module/headcount/lib/enrollment_repository.rb": [
        1,
        null,
        1,
        1,
        null,
        1,
        46,
        46,
        null,
        null,
        1,
        46,
        null,
        null,
        1,
        3,
        5,
        null,
        null,
        null
      ],
      "/Users/adrienne/Turing/1module/headcount/lib/enrollment_data_formatter.rb": [
        1,
        1,
        null,
        1,
        null,
        1,
        46,
        46,
        46,
        44,
        null,
        null,
        null,
        1,
        46,
        46,
        7084,
        644,
        null,
        7084,
        null,
        null,
        46,
        44,
        3080,
        null,
        null,
        null,
        null,
        null,
        1,
        10164,
        76230,
        null,
        10164,
        null,
        null,
        null,
        1,
        null,
        null,
        644,
        null,
        null
      ],
      "/Users/adrienne/Turing/1module/headcount/lib/enrollment.rb": [
        1,
        1,
        null,
        1,
        1182,
        null,
        null,
        1,
        130768,
        null,
        null,
        1,
        1,
        null,
        null,
        1,
        3,
        null,
        null,
        1,
        2,
        null,
        null,
        1,
        2,
        null,
        null
      ],
      "/Users/adrienne/Turing/1module/headcount/lib/data_utilities.rb": [
        1,
        null,
        1,
        1,
        108686,
        null,
        null,
        1,
        382,
        null,
        null,
        1,
        null,
        172654,
        20048,
        null,
        null
      ],
      "/Users/adrienne/Turing/1module/headcount/lib/economic_profile_repository.rb": [
        1,
        null,
        1,
        1,
        null,
        1,
        47,
        47,
        null,
        null,
        1,
        47,
        null,
        null,
        1,
        8,
        8,
        8,
        null,
        null,
        null,
        null
      ],
      "/Users/adrienne/Turing/1module/headcount/lib/economic_data_formatter.rb": [
        1,
        1,
        null,
        1,
        1,
        null,
        1,
        47,
        47,
        47,
        47,
        47,
        null,
        null,
        1,
        47,
        47,
        47,
        47,
        47,
        null,
        null,
        1,
        47,
        3290,
        658,
        null,
        3290,
        24675,
        null,
        9870,
        3290,
        null,
        null,
        null,
        1,
        47,
        14053,
        10387,
        75905,
        null,
        10387,
        null,
        null,
        null,
        null,
        1,
        47,
        59267,
        19787,
        148097,
        null,
        19787,
        null,
        9870,
        null,
        null,
        9870,
        null,
        null,
        47,
        null,
        null,
        null,
        null,
        1,
        47,
        3290,
        24675,
        null,
        3290,
        null,
        null,
        null,
        null,
        1,
        null,
        null,
        null,
        null,
        null,
        658,
        null,
        null
      ],
      "/Users/adrienne/Turing/1module/headcount/lib/economic_profile.rb": [
        1,
        null,
        1,
        1,
        null,
        1,
        1191,
        null,
        null,
        1,
        297378,
        null,
        null,
        1,
        1,
        1,
        1,
        1,
        5,
        5,
        4,
        null,
        5,
        1,
        1,
        null,
        null,
        1,
        1,
        4,
        null,
        1,
        null,
        null,
        1,
        1,
        null,
        null,
        1,
        1,
        null,
        null,
        null,
        1,
        1,
        null,
        null,
        1,
        2,
        null,
        null,
        1,
        9870,
        9870,
        null,
        null,
        1,
        9870,
        9870,
        null,
        null
      ],
      "/Users/adrienne/Turing/1module/headcount/lib/unknown_data_error.rb": [
        1,
        null
      ],
      "/Users/adrienne/Turing/1module/headcount/lib/statewide_test_repository.rb": [
        1,
        null,
        1,
        1,
        null,
        1,
        13,
        13,
        null,
        null,
        1,
        13,
        null,
        null,
        1,
        2,
        8,
        null,
        null,
        null
      ],
      "/Users/adrienne/Turing/1module/headcount/lib/statewide_data_formatter.rb": [
        1,
        1,
        null,
        1,
        null,
        1,
        null,
        1,
        13,
        13,
        13,
        13,
        13,
        13,
        null,
        null,
        1,
        13,
        13,
        3822,
        442,
        null,
        54327,
        3822,
        null,
        null,
        13,
        3822,
        null,
        null,
        13,
        null,
        null,
        1,
        25116,
        25116,
        777231,
        58266,
        58266,
        7540,
        null,
        50726,
        null,
        null,
        null,
        null,
        null,
        1,
        13,
        null,
        null,
        13,
        39,
        17472,
        null,
        null,
        null,
        null,
        1,
        null,
        null,
        null,
        null,
        null,
        442,
        null,
        null
      ],
      "/Users/adrienne/Turing/1module/headcount/lib/statewide_test.rb": [
        1,
        null,
        1,
        1,
        null,
        1,
        587,
        null,
        null,
        1,
        null,
        1,
        1,
        null,
        1,
        880538,
        null,
        null,
        1,
        6,
        1,
        null,
        5,
        null,
        3,
        null,
        2,
        null,
        null,
        null,
        1,
        5,
        1,
        null,
        4,
        4,
        16,
        null,
        4,
        4,
        4,
        null,
        null,
        1,
        8,
        32,
        256,
        null,
        null,
        null,
        null,
        1,
        3,
        1,
        null,
        2,
        2,
        null,
        null,
        1,
        4,
        2,
        null,
        2,
        2,
        null,
        null
      ],
      "/Users/adrienne/Turing/1module/headcount/lib/district.rb": [
        1,
        1,
        1,
        null,
        1,
        533,
        null,
        null
      ],
      "/Users/adrienne/Turing/1module/headcount/test/district_repository_test.rb": [
        1,
        1,
        1,
        1,
        1,
        null,
        1,
        null,
        1,
        1,
        null,
        null,
        1,
        9,
        9,
        null,
        null,
        null,
        null,
        null,
        null,
        null,
        null,
        null,
        null,
        null,
        null,
        null,
        null,
        null,
        null,
        null,
        null,
        null,
        null,
        1,
        1,
        1,
        null,
        null,
        null,
        null,
        null,
        null,
        null,
        null,
        null,
        null,
        null,
        null,
        null,
        null,
        null,
        null,
        1,
        null,
        null,
        1,
        1,
        null,
        null,
        1,
        1,
        null,
        null,
        1,
        1,
        null,
        null,
        1,
        1,
        null,
        null,
        1,
        1,
        null,
        1,
        null,
        null,
        1,
        1,
        1,
        null,
        null,
        null,
        null,
        null,
        null,
        1,
        null,
        null,
        1,
        1,
        null,
        1,
        null,
        null
      ],
      "/Users/adrienne/Turing/1module/headcount/test/district_test.rb": [
        1,
        1,
        1,
        1,
        1,
        null,
        1,
        null,
        1,
        1,
        null,
        1,
        null,
        null
      ],
      "/Users/adrienne/Turing/1module/headcount/test/economic_profile_repository_test.rb": [
        1,
        1,
        1,
        1,
        1,
        null,
        1,
        1,
        9,
        9,
        null,
        null,
        null,
        null,
        null,
        null,
        null,
        null,
        1,
        1,
        null,
        null,
        null,
        null,
        1,
        null,
        null,
        1,
        1,
        null,
        null,
        null,
        null,
        1,
        null,
        null,
        1,
        1,
        null,
        null,
        1,
        1,
        null,
        1,
        null,
        null,
        1,
        1,
        null,
        1,
        null,
        null,
        1,
        1,
        null,
        1,
        null,
        null,
        1,
        1,
        null,
        1,
        null,
        null,
        1,
        1,
        null,
        1,
        null,
        null,
        1,
        1,
        null,
        1,
        null,
        null
      ],
      "/Users/adrienne/Turing/1module/headcount/test/economic_profile_test.rb": [
        1,
        1,
        1,
        1,
        1,
        null,
        1,
        null,
        1,
        1,
        1,
        null,
        null
      ],
      "/Users/adrienne/Turing/1module/headcount/test/enrollment_repository_test.rb": [
        1,
        1,
        1,
        1,
        1,
        null,
        1,
        null,
        1,
        1,
        1,
        null,
        1,
        null,
        null,
        1,
        null,
        null,
        1,
        1,
        1,
        1,
        null,
        null,
        1,
        null,
        null,
        1,
        6,
        6,
        null,
        null,
        null,
        null,
        1,
        1,
        null,
        null,
        null,
        null,
        1,
        1,
        null,
        null,
        1,
        null,
        null,
        1,
        1,
        null,
        1,
        1,
        null,
        null,
        1,
        1,
        1,
        1,
        null,
        null
      ],
      "/Users/adrienne/Turing/1module/headcount/test/enrollment_test.rb": [
        1,
        1,
        1,
        1,
        1,
        null,
        1,
        null,
        1,
        1,
        null,
        1,
        null,
        null,
        1,
        1,
        null,
        null,
        1,
        1,
        null,
        null,
        1,
        1,
        null,
        null,
        1,
        null,
        null,
        1,
        1,
        null,
        null,
        1,
        null,
        null,
        1,
        1,
        null,
        null,
        1,
        1,
        null,
        null,
        1,
        1,
        null,
        null,
        1,
        1,
        null,
        null,
        null,
        null,
        null
      ],
      "/Users/adrienne/Turing/1module/headcount/test/headcount_analyst_test.rb": [
        1,
        1,
        1,
        1,
        1,
        null,
        1,
        null,
        1,
        28,
        null,
        null,
        1,
        1,
        null,
        null,
        1,
        1,
        null,
        null,
        1,
        1,
        1,
        null,
        1,
        1,
        null,
        null,
        1,
        1,
        1,
        null,
        1,
        1,
        null,
        null,
        1,
        1,
        null,
        null,
        1,
        1,
        null,
        null,
        1,
        1,
        null,
        null,
        1,
        1,
        null,
        1,
        null,
        null,
        1,
        1,
        null,
        1,
        null,
        null,
        1,
        1,
        1,
        null,
        null,
        1,
        1,
        1,
        null,
        null,
        1,
        1,
        null,
        null,
        1,
        1,
        null,
        null,
        1,
        1,
        1,
        null,
        null,
        1,
        1,
        null,
        1,
        null,
        null,
        1,
        1,
        null,
        1,
        null,
        null,
        1,
        1,
        1,
        null,
        1,
        1,
        null,
        null,
        1,
        1,
        null,
        null,
        1,
        1,
        null,
        null,
        1,
        1,
        null,
        null,
        1,
        1,
        1,
        1,
        null,
        null,
        1,
        1,
        1,
        null,
        null,
        1,
        1,
        null,
        null,
        1,
        1,
        1,
        1,
        1,
        1,
        null,
        null,
        1,
        1,
        1,
        1,
        null,
        null,
        1,
        1,
        1,
        1,
        1,
        null,
        null,
        1,
        1,
        1,
        1,
        null,
        null,
        1,
        1,
        null,
        null
      ],
      "/Users/adrienne/Turing/1module/headcount/lib/headcount_analyst.rb": [
        1,
        1,
        1,
        null,
        1,
        1,
        null,
        1,
        28,
        28,
        null,
        null,
        null,
        null,
        null,
        null,
        null,
        null,
        null,
        null,
        null,
        null,
        null,
        1,
        51,
        51,
        51,
        51,
        51,
        51,
        null,
        null,
        1,
        null,
        1,
        null,
        1,
        null,
        1,
        null,
        1,
        11,
        null,
        null,
        1,
        null,
        null,
        1,
        26,
        null,
        null,
        null,
        1,
        26,
        26,
        26,
        null,
        26,
        null,
        null,
        1,
        25,
        null,
        25,
        null,
        null,
        1,
        5,
        2,
        7,
        null,
        2,
        3,
        2,
        1,
        1,
        14,
        null,
        1,
        null,
        null,
        null,
        1,
        24,
        24,
        null,
        null,
        1,
        22,
        22,
        null,
        null,
        1,
        249,
        null,
        3735,
        null,
        249,
        null,
        null,
        249,
        null,
        null,
        1,
        8,
        8,
        8,
        null,
        null,
        null,
        null,
        null,
        null,
        null,
        null,
        8,
        null,
        null,
        null,
        null,
        null,
        null,
        null,
        16,
        null,
        8,
        null,
        null,
        1,
        8,
        8,
        null,
        null,
        null,
        112,
        null,
        null,
        null,
        null,
        null,
        1,
        7,
        7,
        7,
        null,
        null,
        null,
        null,
        null,
        7,
        null,
        null,
        null,
        null,
        null,
        null,
        14,
        null,
        7,
        null,
        null,
        1,
        7,
        7,
        null,
        null,
        null,
        98,
        null,
        null,
        null,
        1,
        24,
        24,
        24,
        null,
        24,
        null,
        null,
        1,
        23,
        null,
        null,
        23,
        null,
        null,
        1,
        6,
        3,
        3,
        1,
        14,
        null,
        1,
        2,
        2,
        4,
        null,
        2,
        null,
        null,
        null,
        1,
        6,
        null,
        null,
        1,
        77,
        1078,
        null,
        1001,
        null,
        77,
        null,
        null,
        null,
        1,
        104,
        null,
        null,
        1,
        267,
        null,
        null,
        null,
        1,
        1093,
        null,
        null,
        1,
        206,
        null,
        null,
        1,
        1670,
        20420,
        null,
        1670,
        null,
        1670,
        null,
        null
      ],
      "/Users/adrienne/Turing/1module/headcount/lib/result_set.rb": [
        1,
        null,
        1,
        1,
        null,
        1,
        16,
        16,
        null,
        null
      ],
      "/Users/adrienne/Turing/1module/headcount/lib/result_entry.rb": [
        1,
        1,
        null,
        null,
        null,
        null,
        null,
        1,
        48,
        48,
        null,
        48,
        48,
        48,
        null,
        null
      ],
      "/Users/adrienne/Turing/1module/headcount/test/result_entry_test.rb": [
        1,
        1,
        1,
        1,
        1,
        null,
        1,
        null,
        1,
        1,
        null,
        null,
        null,
        1,
        1,
        1,
        1,
        null,
        null
      ],
      "/Users/adrienne/Turing/1module/headcount/test/result_set_test.rb": [
        1,
        1,
        1,
        1,
        1,
        null,
        1,
        null,
        1,
        1,
        null,
        null,
        1,
        null,
        null,
        1,
        null,
        null,
        1,
        1,
        1,
        null,
        1,
        1,
        1,
        null,
        null
      ],
      "/Users/adrienne/Turing/1module/headcount/test/statewide_test_repository_test.rb": [
        1,
        1,
        1,
        1,
        1,
        null,
        1,
        null,
        1,
        1,
        1,
        null,
        null,
        null,
        null,
        null,
        1,
        1,
        null,
        null,
        1,
        1,
        1,
        null,
        null,
        null,
        null,
        null,
        null,
        1,
        1,
        null,
        1,
        1,
        1,
        null,
        null,
        1,
        1,
        1,
        null,
        null,
        null,
        null,
        null,
        1,
        null,
        1,
        1,
        null,
        null,
        1,
        1,
        null,
        null,
        1,
        1,
        null,
        null,
        1,
        1,
        null,
        null,
        1,
        1,
        null,
        null,
        null
      ],
      "/Users/adrienne/Turing/1module/headcount/test/statewide_test_test.rb": [
        1,
        1,
        1,
        1,
        1,
        null,
        1,
        null,
        1,
        1,
        1,
        null,
        null,
        1,
        1,
        null,
        null,
        null,
        null,
        null,
        null,
        null,
        null,
        null,
        null,
        null,
        null,
        null,
        null,
        null,
        null,
        1,
        null,
        null,
        null,
        null,
        null,
        null,
        null,
        1,
        null,
        null,
        null,
        null,
        null,
        null,
        null,
        1,
        1,
        null,
        null,
        1,
        1,
        null,
        null,
        null,
        null,
        null,
        null,
        null,
        null,
        null,
        null,
        null,
        null,
        null,
        1,
        null,
        null,
        null,
        1,
        null,
        null,
        null,
        null,
        1,
        1,
        null,
        null,
        1,
        1,
        null,
        null,
        null,
        null,
        null,
        null,
        null,
        null,
        null,
        null,
        null,
        null,
        null,
        null,
        null,
        null,
        1,
        1,
        null,
        null,
        1,
        1,
        null,
        null,
        null,
        null,
        null,
        null,
        null,
        null,
        null,
        null,
        null,
        null,
        1,
        1,
        1,
        1,
        null,
        null
      ]
    },
    "timestamp": 1453388801
  }
}
